<?xml version="1.0" encoding="UTF-8"?>
<coverage generated="1704363375763" clover="3.2.0">
  <project timestamp="1704363375764" name="All files">
    <metrics statements="61" coveredstatements="59" conditionals="8" coveredconditionals="7" methods="16" coveredmethods="15" elements="85" coveredelements="81" complexity="0" loc="61" ncloc="61" packages="1" files="3" classes="3"/>
    <file name="App.tsx" path="/Users/nial/Documents/TSI/intro to react/vite-project/src/App.tsx">
      <metrics statements="11" coveredstatements="10" conditionals="0" coveredconditionals="0" methods="2" coveredmethods="1"/>
      <line num="8" count="3" type="stmt"/>
      <line num="9" count="3" type="stmt"/>
      <line num="10" count="3" type="stmt"/>
      <line num="11" count="3" type="stmt"/>
      <line num="12" count="3" type="stmt"/>
      <line num="13" count="3" type="stmt"/>
      <line num="14" count="3" type="stmt"/>
      <line num="15" count="3" type="stmt"/>
      <line num="16" count="3" type="stmt"/>
      <line num="17" count="0" type="stmt"/>
      <line num="19" count="3" type="stmt"/>
    </file>
    <file name="navBar.tsx" path="/Users/nial/Documents/TSI/intro to react/vite-project/src/navBar.tsx">
      <metrics statements="9" coveredstatements="9" conditionals="0" coveredconditionals="0" methods="3" coveredmethods="3"/>
      <line num="8" count="2" type="stmt"/>
      <line num="9" count="7" type="stmt"/>
      <line num="11" count="7" type="stmt"/>
      <line num="12" count="1" type="stmt"/>
      <line num="15" count="7" type="stmt"/>
      <line num="16" count="1" type="stmt"/>
      <line num="17" count="1" type="stmt"/>
      <line num="18" count="1" type="stmt"/>
      <line num="21" count="7" type="stmt"/>
    </file>
    <file name="newsList.tsx" path="/Users/nial/Documents/TSI/intro to react/vite-project/src/newsList.tsx">
      <metrics statements="41" coveredstatements="40" conditionals="8" coveredconditionals="7" methods="11" coveredmethods="11"/>
      <line num="13" count="10" type="stmt"/>
      <line num="14" count="10" type="stmt"/>
      <line num="15" count="10" type="stmt"/>
      <line num="16" count="10" type="stmt"/>
      <line num="18" count="10" type="stmt"/>
      <line num="19" count="5" type="stmt"/>
      <line num="20" count="4" type="stmt"/>
      <line num="21" count="4" type="stmt"/>
      <line num="22" count="4" type="cond" truecount="1" falsecount="1"/>
      <line num="23" count="4" type="stmt"/>
      <line num="26" count="1" type="stmt"/>
      <line num="27" count="1" type="stmt"/>
      <line num="29" count="1" type="stmt"/>
      <line num="32" count="0" type="stmt"/>
      <line num="34" count="1" type="stmt"/>
      <line num="39" count="5" type="cond" truecount="2" falsecount="0"/>
      <line num="40" count="4" type="stmt"/>
      <line num="44" count="10" type="stmt"/>
      <line num="46" count="5" type="stmt"/>
      <line num="47" count="2" type="stmt"/>
      <line num="49" count="5" type="stmt"/>
      <line num="52" count="5" type="stmt"/>
      <line num="53" count="5" type="stmt"/>
      <line num="54" count="2" type="stmt"/>
      <line num="55" count="2" type="stmt"/>
      <line num="56" count="2" type="stmt"/>
      <line num="60" count="5" type="stmt"/>
      <line num="61" count="5" type="stmt"/>
      <line num="62" count="16" type="cond" truecount="2" falsecount="0"/>
      <line num="66" count="12" type="stmt"/>
      <line num="67" count="5" type="stmt"/>
      <line num="70" count="10" type="cond" truecount="2" falsecount="0"/>
      <line num="71" count="8" type="stmt"/>
      <line num="74" count="2" type="stmt"/>
      <line num="81" count="2" type="stmt"/>
      <line num="102" count="2" type="stmt"/>
      <line num="103" count="2" type="stmt"/>
      <line num="104" count="2" type="stmt"/>
      <line num="106" count="2" type="stmt"/>
      <line num="109" count="2" type="stmt"/>
      <line num="111" count="2" type="stmt"/>
    </file>
  </project>
</coverage>
