{"/Users/nial/Documents/TSI/intro to react/vite-project/src/App.tsx": {"path":"/Users/nial/Documents/TSI/intro to react/vite-project/src/App.tsx","statementMap":{"0":{"start":{"line":8,"column":40},"end":{"line":8,"column":52}},"1":{"start":{"line":9,"column":29},"end":{"line":9,"column":320}},"2":{"start":{"line":10,"column":32},"end":{"line":10,"column":333}},"3":{"start":{"line":11,"column":27},"end":{"line":11,"column":206}},"4":{"start":{"line":12,"column":30},"end":{"line":12,"column":346}},"5":{"start":{"line":13,"column":31},"end":{"line":13,"column":72}},"6":{"start":{"line":14,"column":33},"end":{"line":14,"column":78}},"7":{"start":{"line":15,"column":32},"end":{"line":15,"column":226}},"8":{"start":{"line":16,"column":28},"end":{"line":18,"column":3}},"9":{"start":{"line":17,"column":4},"end":{"line":17,"column":26}},"10":{"start":{"line":19,"column":2},"end":{"line":95,"column":4}}},"fnMap":{"0":{"name":"App","decl":{"start":{"line":7,"column":9},"end":{"line":7,"column":12}},"loc":{"start":{"line":7,"column":15},"end":{"line":96,"column":1}},"line":7},"1":{"name":"(anonymous_1)","decl":{"start":{"line":16,"column":28},"end":{"line":16,"column":29}},"loc":{"start":{"line":16,"column":63},"end":{"line":18,"column":3}},"line":16}},"branchMap":{},"s":{"0":3,"1":3,"2":3,"3":3,"4":3,"5":3,"6":3,"7":3,"8":3,"9":0,"10":3},"f":{"0":3,"1":0},"b":{},"_coverageSchema":"1a1c01bbd47fc00a2c39e90264f33305004495a9","hash":"82b287b9bdfd00727acd3efbd9a3d183017aee4d"}
,"/Users/nial/Documents/TSI/intro to react/vite-project/src/navBar.tsx": {"path":"/Users/nial/Documents/TSI/intro to react/vite-project/src/navBar.tsx","statementMap":{"0":{"start":{"line":8,"column":15},"end":{"line":110,"column":1}},"1":{"start":{"line":9,"column":30},"end":{"line":9,"column":42}},"2":{"start":{"line":11,"column":22},"end":{"line":13,"column":5}},"3":{"start":{"line":12,"column":6},"end":{"line":12,"column":31}},"4":{"start":{"line":15,"column":25},"end":{"line":19,"column":5}},"5":{"start":{"line":16,"column":23},"end":{"line":16,"column":41}},"6":{"start":{"line":17,"column":6},"end":{"line":17,"column":25}},"7":{"start":{"line":18,"column":6},"end":{"line":18,"column":34}},"8":{"start":{"line":21,"column":2},"end":{"line":109,"column":4}}},"fnMap":{"0":{"name":"(anonymous_0)","decl":{"start":{"line":8,"column":15},"end":{"line":8,"column":16}},"loc":{"start":{"line":8,"column":49},"end":{"line":110,"column":1}},"line":8},"1":{"name":"(anonymous_1)","decl":{"start":{"line":11,"column":22},"end":{"line":11,"column":23}},"loc":{"start":{"line":11,"column":28},"end":{"line":13,"column":5}},"line":11},"2":{"name":"(anonymous_2)","decl":{"start":{"line":15,"column":25},"end":{"line":15,"column":26}},"loc":{"start":{"line":15,"column":73},"end":{"line":19,"column":5}},"line":15}},"branchMap":{},"s":{"0":2,"1":7,"2":7,"3":1,"4":7,"5":1,"6":1,"7":1,"8":7},"f":{"0":7,"1":1,"2":1},"b":{},"_coverageSchema":"1a1c01bbd47fc00a2c39e90264f33305004495a9","hash":"140f3c04042c3a2478d12294029046b539dc0611"}
,"/Users/nial/Documents/TSI/intro to react/vite-project/src/newsList.tsx": {"path":"/Users/nial/Documents/TSI/intro to react/vite-project/src/newsList.tsx","statementMap":{"0":{"start":{"line":14,"column":34},"end":{"line":14,"column":58}},"1":{"start":{"line":15,"column":42},"end":{"line":15,"column":66}},"2":{"start":{"line":16,"column":36},"end":{"line":16,"column":50}},"3":{"start":{"line":17,"column":44},"end":{"line":17,"column":66}},"4":{"start":{"line":19,"column":2},"end":{"line":44,"column":43}},"5":{"start":{"line":20,"column":22},"end":{"line":38,"column":5}},"6":{"start":{"line":21,"column":6},"end":{"line":37,"column":7}},"7":{"start":{"line":22,"column":8},"end":{"line":22,"column":27}},"8":{"start":{"line":23,"column":8},"end":{"line":32,"column":9}},"9":{"start":{"line":25,"column":27},"end":{"line":27,"column":12}},"10":{"start":{"line":28,"column":29},"end":{"line":30,"column":11}},"11":{"start":{"line":29,"column":42},"end":{"line":29,"column":103}},"12":{"start":{"line":31,"column":10},"end":{"line":31,"column":34}},"13":{"start":{"line":34,"column":8},"end":{"line":34,"column":53}},"14":{"start":{"line":36,"column":8},"end":{"line":36,"column":28}},"15":{"start":{"line":41,"column":4},"end":{"line":43,"column":5}},"16":{"start":{"line":42,"column":6},"end":{"line":42,"column":18}},"17":{"start":{"line":46,"column":2},"end":{"line":78,"column":36}},"18":{"start":{"line":48,"column":21},"end":{"line":50,"column":5}},"19":{"start":{"line":49,"column":6},"end":{"line":49,"column":72}},"20":{"start":{"line":51,"column":4},"end":{"line":51,"column":30}},"21":{"start":{"line":54,"column":28},"end":{"line":54,"column":30}},"22":{"start":{"line":55,"column":4},"end":{"line":62,"column":7}},"23":{"start":{"line":56,"column":6},"end":{"line":58,"column":7}},"24":{"start":{"line":57,"column":8},"end":{"line":57,"column":15}},"25":{"start":{"line":59,"column":25},"end":{"line":59,"column":76}},"26":{"start":{"line":60,"column":31},"end":{"line":60,"column":91}},"27":{"start":{"line":61,"column":6},"end":{"line":61,"column":53}},"28":{"start":{"line":65,"column":49},"end":{"line":65,"column":51}},"29":{"start":{"line":66,"column":4},"end":{"line":68,"column":7}},"30":{"start":{"line":67,"column":6},"end":{"line":67,"column":51}},"31":{"start":{"line":71,"column":21},"end":{"line":74,"column":18}},"32":{"start":{"line":72,"column":24},"end":{"line":72,"column":42}},"33":{"start":{"line":73,"column":22},"end":{"line":73,"column":49}},"34":{"start":{"line":76,"column":4},"end":{"line":76,"column":31}},"35":{"start":{"line":80,"column":2},"end":{"line":82,"column":3}},"36":{"start":{"line":81,"column":4},"end":{"line":81,"column":57}},"37":{"start":{"line":84,"column":2},"end":{"line":97,"column":4}},"38":{"start":{"line":91,"column":10},"end":{"line":93,"column":16}},"39":{"start":{"line":103,"column":17},"end":{"line":119,"column":1}},"40":{"start":{"line":104,"column":51},"end":{"line":104,"column":55}},"41":{"start":{"line":105,"column":13},"end":{"line":105,"column":27}},"42":{"start":{"line":107,"column":2},"end":{"line":107,"column":93}},"43":{"start":{"line":110,"column":24},"end":{"line":110,"column":58}},"44":{"start":{"line":112,"column":2},"end":{"line":118,"column":4}}},"fnMap":{"0":{"name":"NewsList","decl":{"start":{"line":13,"column":9},"end":{"line":13,"column":17}},"loc":{"start":{"line":13,"column":83},"end":{"line":98,"column":1}},"line":13},"1":{"name":"(anonymous_1)","decl":{"start":{"line":19,"column":12},"end":{"line":19,"column":13}},"loc":{"start":{"line":19,"column":18},"end":{"line":44,"column":3}},"line":19},"2":{"name":"(anonymous_2)","decl":{"start":{"line":20,"column":22},"end":{"line":20,"column":23}},"loc":{"start":{"line":20,"column":34},"end":{"line":38,"column":5}},"line":20},"3":{"name":"(anonymous_3)","decl":{"start":{"line":29,"column":12},"end":{"line":29,"column":13}},"loc":{"start":{"line":29,"column":42},"end":{"line":29,"column":103}},"line":29},"4":{"name":"(anonymous_4)","decl":{"start":{"line":46,"column":12},"end":{"line":46,"column":13}},"loc":{"start":{"line":46,"column":18},"end":{"line":78,"column":3}},"line":46},"5":{"name":"(anonymous_5)","decl":{"start":{"line":48,"column":37},"end":{"line":48,"column":38}},"loc":{"start":{"line":49,"column":6},"end":{"line":49,"column":72}},"line":49},"6":{"name":"(anonymous_6)","decl":{"start":{"line":55,"column":21},"end":{"line":55,"column":22}},"loc":{"start":{"line":55,"column":31},"end":{"line":62,"column":5}},"line":55},"7":{"name":"(anonymous_7)","decl":{"start":{"line":66,"column":18},"end":{"line":66,"column":19}},"loc":{"start":{"line":66,"column":28},"end":{"line":68,"column":5}},"line":66},"8":{"name":"(anonymous_8)","decl":{"start":{"line":72,"column":14},"end":{"line":72,"column":15}},"loc":{"start":{"line":72,"column":24},"end":{"line":72,"column":42}},"line":72},"9":{"name":"(anonymous_9)","decl":{"start":{"line":73,"column":12},"end":{"line":73,"column":13}},"loc":{"start":{"line":73,"column":22},"end":{"line":73,"column":49}},"line":73},"10":{"name":"(anonymous_10)","decl":{"start":{"line":90,"column":26},"end":{"line":90,"column":27}},"loc":{"start":{"line":91,"column":10},"end":{"line":93,"column":16}},"line":91},"11":{"name":"(anonymous_11)","decl":{"start":{"line":103,"column":17},"end":{"line":103,"column":18}},"loc":{"start":{"line":103,"column":38},"end":{"line":119,"column":1}},"line":103}},"branchMap":{"0":{"loc":{"start":{"line":23,"column":8},"end":{"line":32,"column":9}},"type":"if","locations":[{"start":{"line":23,"column":8},"end":{"line":32,"column":9}},{"start":{},"end":{}}],"line":23},"1":{"loc":{"start":{"line":41,"column":4},"end":{"line":43,"column":5}},"type":"if","locations":[{"start":{"line":41,"column":4},"end":{"line":43,"column":5}},{"start":{},"end":{}}],"line":41},"2":{"loc":{"start":{"line":56,"column":6},"end":{"line":58,"column":7}},"type":"if","locations":[{"start":{"line":56,"column":6},"end":{"line":58,"column":7}},{"start":{},"end":{}}],"line":56},"3":{"loc":{"start":{"line":56,"column":10},"end":{"line":56,"column":45}},"type":"binary-expr","locations":[{"start":{"line":56,"column":10},"end":{"line":56,"column":21}},{"start":{"line":56,"column":25},"end":{"line":56,"column":45}}],"line":56},"4":{"loc":{"start":{"line":67,"column":25},"end":{"line":67,"column":45}},"type":"binary-expr","locations":[{"start":{"line":67,"column":25},"end":{"line":67,"column":40}},{"start":{"line":67,"column":44},"end":{"line":67,"column":45}}],"line":67},"5":{"loc":{"start":{"line":80,"column":2},"end":{"line":82,"column":3}},"type":"if","locations":[{"start":{"line":80,"column":2},"end":{"line":82,"column":3}},{"start":{},"end":{}}],"line":80}},"s":{"0":22,"1":21,"2":21,"3":21,"4":21,"5":10,"6":7,"7":7,"8":7,"9":7,"10":3,"11":3,"12":3,"13":1,"14":4,"15":10,"16":7,"17":21,"18":10,"19":6,"20":10,"21":10,"22":10,"23":5,"24":0,"25":5,"26":5,"27":5,"28":10,"29":10,"30":3,"31":10,"32":3,"33":2,"34":10,"35":21,"36":14,"37":7,"38":5,"39":2,"40":5,"41":5,"42":5,"43":5,"44":5},"f":{"0":22,"1":10,"2":7,"3":3,"4":10,"5":6,"6":5,"7":3,"8":3,"9":2,"10":5,"11":5},"b":{"0":[7,0],"1":[7,3],"2":[0,5],"3":[5,5],"4":[3,3],"5":[14,7]},"_coverageSchema":"1a1c01bbd47fc00a2c39e90264f33305004495a9","hash":"31bd23a4301f88194e03afeba7abee60f4c6ea08"}
}
