{"/Users/nial/Documents/TSI/intro to react/vite-project/src/App.tsx": {"path":"/Users/nial/Documents/TSI/intro to react/vite-project/src/App.tsx","statementMap":{"0":{"start":{"line":8,"column":40},"end":{"line":8,"column":52}},"1":{"start":{"line":9,"column":29},"end":{"line":9,"column":320}},"2":{"start":{"line":10,"column":32},"end":{"line":10,"column":333}},"3":{"start":{"line":11,"column":27},"end":{"line":11,"column":206}},"4":{"start":{"line":12,"column":30},"end":{"line":12,"column":346}},"5":{"start":{"line":13,"column":31},"end":{"line":13,"column":72}},"6":{"start":{"line":14,"column":33},"end":{"line":14,"column":78}},"7":{"start":{"line":15,"column":32},"end":{"line":15,"column":226}},"8":{"start":{"line":16,"column":28},"end":{"line":18,"column":3}},"9":{"start":{"line":17,"column":4},"end":{"line":17,"column":26}},"10":{"start":{"line":19,"column":2},"end":{"line":89,"column":4}}},"fnMap":{"0":{"name":"App","decl":{"start":{"line":7,"column":9},"end":{"line":7,"column":12}},"loc":{"start":{"line":7,"column":15},"end":{"line":90,"column":1}},"line":7},"1":{"name":"(anonymous_1)","decl":{"start":{"line":16,"column":28},"end":{"line":16,"column":29}},"loc":{"start":{"line":16,"column":63},"end":{"line":18,"column":3}},"line":16}},"branchMap":{},"s":{"0":3,"1":3,"2":3,"3":3,"4":3,"5":3,"6":3,"7":3,"8":3,"9":0,"10":3},"f":{"0":3,"1":0},"b":{},"_coverageSchema":"1a1c01bbd47fc00a2c39e90264f33305004495a9","hash":"3980ec7412d967ce5ace452e6d65e9379c49caa8"}
,"/Users/nial/Documents/TSI/intro to react/vite-project/src/navBar.tsx": {"path":"/Users/nial/Documents/TSI/intro to react/vite-project/src/navBar.tsx","statementMap":{"0":{"start":{"line":8,"column":15},"end":{"line":110,"column":1}},"1":{"start":{"line":9,"column":30},"end":{"line":9,"column":42}},"2":{"start":{"line":11,"column":22},"end":{"line":13,"column":5}},"3":{"start":{"line":12,"column":6},"end":{"line":12,"column":31}},"4":{"start":{"line":15,"column":25},"end":{"line":19,"column":5}},"5":{"start":{"line":16,"column":23},"end":{"line":16,"column":41}},"6":{"start":{"line":17,"column":6},"end":{"line":17,"column":25}},"7":{"start":{"line":18,"column":6},"end":{"line":18,"column":34}},"8":{"start":{"line":21,"column":2},"end":{"line":109,"column":4}}},"fnMap":{"0":{"name":"(anonymous_0)","decl":{"start":{"line":8,"column":15},"end":{"line":8,"column":16}},"loc":{"start":{"line":8,"column":49},"end":{"line":110,"column":1}},"line":8},"1":{"name":"(anonymous_1)","decl":{"start":{"line":11,"column":22},"end":{"line":11,"column":23}},"loc":{"start":{"line":11,"column":28},"end":{"line":13,"column":5}},"line":11},"2":{"name":"(anonymous_2)","decl":{"start":{"line":15,"column":25},"end":{"line":15,"column":26}},"loc":{"start":{"line":15,"column":73},"end":{"line":19,"column":5}},"line":15}},"branchMap":{},"s":{"0":2,"1":7,"2":7,"3":1,"4":7,"5":1,"6":1,"7":1,"8":7},"f":{"0":7,"1":1,"2":1},"b":{},"_coverageSchema":"1a1c01bbd47fc00a2c39e90264f33305004495a9","hash":"140f3c04042c3a2478d12294029046b539dc0611"}
,"/Users/nial/Documents/TSI/intro to react/vite-project/src/newsList.tsx": {"path":"/Users/nial/Documents/TSI/intro to react/vite-project/src/newsList.tsx","statementMap":{"0":{"start":{"line":13,"column":34},"end":{"line":13,"column":58}},"1":{"start":{"line":14,"column":42},"end":{"line":14,"column":66}},"2":{"start":{"line":15,"column":36},"end":{"line":15,"column":50}},"3":{"start":{"line":17,"column":2},"end":{"line":39,"column":43}},"4":{"start":{"line":18,"column":22},"end":{"line":33,"column":5}},"5":{"start":{"line":19,"column":6},"end":{"line":32,"column":7}},"6":{"start":{"line":20,"column":8},"end":{"line":20,"column":27}},"7":{"start":{"line":21,"column":8},"end":{"line":27,"column":9}},"8":{"start":{"line":22,"column":27},"end":{"line":24,"column":12}},"9":{"start":{"line":25,"column":29},"end":{"line":25,"column":140}},"10":{"start":{"line":25,"column":78},"end":{"line":25,"column":139}},"11":{"start":{"line":26,"column":10},"end":{"line":26,"column":34}},"12":{"start":{"line":29,"column":8},"end":{"line":29,"column":53}},"13":{"start":{"line":31,"column":8},"end":{"line":31,"column":28}},"14":{"start":{"line":36,"column":4},"end":{"line":38,"column":5}},"15":{"start":{"line":37,"column":6},"end":{"line":37,"column":18}},"16":{"start":{"line":41,"column":2},"end":{"line":47,"column":36}},"17":{"start":{"line":43,"column":21},"end":{"line":45,"column":5}},"18":{"start":{"line":44,"column":6},"end":{"line":44,"column":72}},"19":{"start":{"line":46,"column":4},"end":{"line":46,"column":30}},"20":{"start":{"line":49,"column":2},"end":{"line":51,"column":3}},"21":{"start":{"line":50,"column":4},"end":{"line":50,"column":57}},"22":{"start":{"line":53,"column":2},"end":{"line":59,"column":4}},"23":{"start":{"line":56,"column":8},"end":{"line":56,"column":47}},"24":{"start":{"line":73,"column":17},"end":{"line":89,"column":1}},"25":{"start":{"line":74,"column":51},"end":{"line":74,"column":55}},"26":{"start":{"line":75,"column":13},"end":{"line":75,"column":27}},"27":{"start":{"line":77,"column":2},"end":{"line":77,"column":93}},"28":{"start":{"line":80,"column":24},"end":{"line":80,"column":58}},"29":{"start":{"line":82,"column":2},"end":{"line":88,"column":4}}},"fnMap":{"0":{"name":"NewsList","decl":{"start":{"line":12,"column":9},"end":{"line":12,"column":17}},"loc":{"start":{"line":12,"column":84},"end":{"line":60,"column":1}},"line":12},"1":{"name":"(anonymous_1)","decl":{"start":{"line":17,"column":12},"end":{"line":17,"column":13}},"loc":{"start":{"line":17,"column":18},"end":{"line":39,"column":3}},"line":17},"2":{"name":"(anonymous_2)","decl":{"start":{"line":18,"column":22},"end":{"line":18,"column":23}},"loc":{"start":{"line":18,"column":34},"end":{"line":33,"column":5}},"line":18},"3":{"name":"(anonymous_3)","decl":{"start":{"line":25,"column":48},"end":{"line":25,"column":49}},"loc":{"start":{"line":25,"column":78},"end":{"line":25,"column":139}},"line":25},"4":{"name":"(anonymous_4)","decl":{"start":{"line":41,"column":12},"end":{"line":41,"column":13}},"loc":{"start":{"line":41,"column":18},"end":{"line":47,"column":3}},"line":41},"5":{"name":"(anonymous_5)","decl":{"start":{"line":43,"column":37},"end":{"line":43,"column":38}},"loc":{"start":{"line":44,"column":6},"end":{"line":44,"column":72}},"line":44},"6":{"name":"(anonymous_6)","decl":{"start":{"line":55,"column":24},"end":{"line":55,"column":25}},"loc":{"start":{"line":56,"column":8},"end":{"line":56,"column":47}},"line":56},"7":{"name":"(anonymous_7)","decl":{"start":{"line":73,"column":17},"end":{"line":73,"column":18}},"loc":{"start":{"line":73,"column":38},"end":{"line":89,"column":1}},"line":73}},"branchMap":{"0":{"loc":{"start":{"line":21,"column":8},"end":{"line":27,"column":9}},"type":"if","locations":[{"start":{"line":21,"column":8},"end":{"line":27,"column":9}},{"start":{},"end":{}}],"line":21},"1":{"loc":{"start":{"line":36,"column":4},"end":{"line":38,"column":5}},"type":"if","locations":[{"start":{"line":36,"column":4},"end":{"line":38,"column":5}},{"start":{},"end":{}}],"line":36},"2":{"loc":{"start":{"line":49,"column":2},"end":{"line":51,"column":3}},"type":"if","locations":[{"start":{"line":49,"column":2},"end":{"line":51,"column":3}},{"start":{},"end":{}}],"line":49}},"s":{"0":10,"1":10,"2":10,"3":10,"4":5,"5":4,"6":4,"7":4,"8":4,"9":1,"10":1,"11":1,"12":0,"13":1,"14":5,"15":4,"16":10,"17":5,"18":2,"19":5,"20":10,"21":8,"22":2,"23":2,"24":2,"25":2,"26":2,"27":2,"28":2,"29":2},"f":{"0":10,"1":5,"2":4,"3":1,"4":5,"5":2,"6":2,"7":2},"b":{"0":[4,0],"1":[4,1],"2":[8,2]},"_coverageSchema":"1a1c01bbd47fc00a2c39e90264f33305004495a9","hash":"0b7a82aeee3cdde603529d67ecd2261969d1d3b6"}
}
