TN:
SF:src/App.tsx
FN:7,App
FN:16,(anonymous_1)
FNF:2
FNH:1
FNDA:3,App
FNDA:0,(anonymous_1)
DA:8,3
DA:9,3
DA:10,3
DA:11,3
DA:12,3
DA:13,3
DA:14,3
DA:15,3
DA:16,3
DA:17,0
DA:19,3
LF:11
LH:10
BRF:0
BRH:0
end_of_record
TN:
SF:src/navBar.tsx
FN:8,(anonymous_0)
FN:11,(anonymous_1)
FN:15,(anonymous_2)
FNF:3
FNH:3
FNDA:7,(anonymous_0)
FNDA:1,(anonymous_1)
FNDA:1,(anonymous_2)
DA:8,2
DA:9,7
DA:11,7
DA:12,1
DA:15,7
DA:16,1
DA:17,1
DA:18,1
DA:21,7
LF:9
LH:9
BRF:0
BRH:0
end_of_record
TN:
SF:src/newsList.tsx
FN:13,NewsList
FN:19,(anonymous_1)
FN:20,(anonymous_2)
FN:28,(anonymous_3)
FN:45,(anonymous_4)
FN:47,(anonymous_5)
FN:54,(anonymous_6)
FN:65,(anonymous_7)
FN:71,(anonymous_8)
FN:72,(anonymous_9)
FN:89,(anonymous_10)
FN:100,(anonymous_11)
FNF:12
FNH:9
FNDA:10,NewsList
FNDA:5,(anonymous_1)
FNDA:4,(anonymous_2)
FNDA:1,(anonymous_3)
FNDA:5,(anonymous_4)
FNDA:2,(anonymous_5)
FNDA:2,(anonymous_6)
FNDA:0,(anonymous_7)
FNDA:0,(anonymous_8)
FNDA:0,(anonymous_9)
FNDA:2,(anonymous_10)
FNDA:2,(anonymous_11)
DA:14,10
DA:15,10
DA:16,10
DA:17,10
DA:19,10
DA:20,5
DA:21,4
DA:22,4
DA:23,4
DA:24,4
DA:27,1
DA:28,1
DA:30,1
DA:33,0
DA:35,1
DA:40,5
DA:41,4
DA:45,10
DA:47,5
DA:48,2
DA:50,5
DA:53,5
DA:54,5
DA:55,2
DA:56,0
DA:58,2
DA:59,2
DA:60,2
DA:64,5
DA:65,5
DA:66,0
DA:70,5
DA:71,0
DA:72,0
DA:75,5
DA:79,10
DA:80,8
DA:83,2
DA:90,2
DA:100,2
DA:101,2
DA:102,2
DA:104,2
DA:107,2
DA:109,2
LF:45
LH:40
BRDA:23,0,0,4
BRDA:23,0,1,0
BRDA:40,1,0,4
BRDA:40,1,1,1
BRDA:55,2,0,0
BRDA:55,2,1,2
BRDA:55,3,0,2
BRDA:55,3,1,2
BRDA:66,4,0,0
BRDA:66,4,1,0
BRDA:79,5,0,8
BRDA:79,5,1,2
BRF:12
BRH:8
end_of_record
