TN:
SF:src/App.tsx
FN:7,App
FN:16,(anonymous_1)
FNF:2
FNH:1
FNDA:3,App
FNDA:0,(anonymous_1)
DA:8,3
DA:9,3
DA:10,3
DA:11,3
DA:12,3
DA:13,3
DA:14,3
DA:15,3
DA:16,3
DA:17,0
DA:19,3
LF:11
LH:10
BRF:0
BRH:0
end_of_record
TN:
SF:src/navBar.tsx
FN:8,(anonymous_0)
FN:11,(anonymous_1)
FN:15,(anonymous_2)
FNF:3
FNH:3
FNDA:7,(anonymous_0)
FNDA:1,(anonymous_1)
FNDA:1,(anonymous_2)
DA:8,2
DA:9,7
DA:11,7
DA:12,1
DA:15,7
DA:16,1
DA:17,1
DA:18,1
DA:21,7
LF:9
LH:9
BRF:0
BRH:0
end_of_record
TN:
SF:src/newsList.tsx
FN:13,NewsList
FN:19,(anonymous_1)
FN:20,(anonymous_2)
FN:29,(anonymous_3)
FN:46,(anonymous_4)
FN:48,(anonymous_5)
FN:55,(anonymous_6)
FN:66,(anonymous_7)
FN:72,(anonymous_8)
FN:73,(anonymous_9)
FN:90,(anonymous_10)
FN:103,(anonymous_11)
FNF:12
FNH:12
FNDA:22,NewsList
FNDA:10,(anonymous_1)
FNDA:7,(anonymous_2)
FNDA:3,(anonymous_3)
FNDA:10,(anonymous_4)
FNDA:6,(anonymous_5)
FNDA:5,(anonymous_6)
FNDA:3,(anonymous_7)
FNDA:3,(anonymous_8)
FNDA:2,(anonymous_9)
FNDA:5,(anonymous_10)
FNDA:5,(anonymous_11)
DA:14,22
DA:15,21
DA:16,21
DA:17,21
DA:19,21
DA:20,10
DA:21,7
DA:22,7
DA:23,7
DA:25,7
DA:28,3
DA:29,3
DA:31,3
DA:34,1
DA:36,4
DA:41,10
DA:42,7
DA:46,21
DA:48,10
DA:49,6
DA:51,10
DA:54,10
DA:55,10
DA:56,5
DA:57,0
DA:59,5
DA:60,5
DA:61,5
DA:65,10
DA:66,10
DA:67,3
DA:71,10
DA:72,3
DA:73,2
DA:76,10
DA:80,21
DA:81,14
DA:84,7
DA:91,5
DA:103,2
DA:104,5
DA:105,5
DA:107,5
DA:110,5
DA:112,5
LF:45
LH:44
BRDA:23,0,0,7
BRDA:23,0,1,0
BRDA:41,1,0,7
BRDA:41,1,1,3
BRDA:56,2,0,0
BRDA:56,2,1,5
BRDA:56,3,0,5
BRDA:56,3,1,5
BRDA:67,4,0,3
BRDA:67,4,1,3
BRDA:80,5,0,14
BRDA:80,5,1,7
BRF:12
BRH:10
end_of_record
